<?xml version="1.0" encoding="UTF-8"?>
<!-- Generated by org.testng.reporters.JUnitReportReporter -->
<testsuite hostname="DESKTOP-OD5VH2T" failures="0" tests="1" name="Tests.LoginPageTest" time="4.818" errors="0" timestamp="2024-12-14T00:12:05 IST" skipped="0">
  <testcase classname="Tests.LoginPageTest" name="Test" time="4.818"/>
  <system-out/>
</testsuite> <!-- Tests.LoginPageTest -->
